<?xml version="1.0" encoding="UTF-8"?>
<!-- Generated by org.testng.reporters.JUnitReportReporter -->
<testsuite hostname="Shubham" failures="0" tests="1" name="pages.Homepage" time="3.378" errors="0" timestamp="2024-08-27T19:02:20 IST" skipped="0">
  <testcase classname="pages.Homepage" name="homepage" time="3.378"/>
  <system-out/>
</testsuite> <!-- pages.Homepage -->
